<?xml version="1.0" encoding="UTF-8"?>
<testng-results skipped="0" failed="0" ignored="0" total="1" passed="1">
  <reporter-output>
  </reporter-output>
  <suite name="Default suite" duration-ms="55" started-at="2019-12-24T08:45:31Z" finished-at="2019-12-24T08:45:31Z">
    <groups>
    </groups>
    <test name="Default test" duration-ms="55" started-at="2019-12-24T08:45:31Z" finished-at="2019-12-24T08:45:31Z">
      <class name="seleniumm.Hello">
        <test-method status="PASS" signature="verify()[pri:0, instance:seleniumm.Hello@7c0e2abd]" name="verify" duration-ms="22" started-at="2019-12-24T14:15:31Z" finished-at="2019-12-24T14:15:31Z">
          <reporter-output>
          </reporter-output>
        </test-method> <!-- verify -->
      </class> <!-- seleniumm.Hello -->
    </test> <!-- Default test -->
  </suite> <!-- Default suite -->
</testng-results>
